[debug] [2021-03-26T20:38:31.316Z] ----------------------------------------------------------------------
[debug] [2021-03-26T20:38:31.320Z] Command:       /usr/local/bin/node /usr/local/bin/firebase deploy --only hosting
[debug] [2021-03-26T20:38:31.321Z] CLI Version:   9.4.0
[debug] [2021-03-26T20:38:31.321Z] Platform:      linux
[debug] [2021-03-26T20:38:31.321Z] Node Version:  v15.12.0
[debug] [2021-03-26T20:38:31.325Z] Time:          Fri Mar 26 2021 21:38:31 GMT+0100 (Central European Standard Time)
[debug] [2021-03-26T20:38:31.325Z] ----------------------------------------------------------------------
[debug] [2021-03-26T20:38:31.325Z] 
[debug] [2021-03-26T20:38:31.340Z] > command requires scopes: ["email","openid","https://www.googleapis.com/auth/cloudplatformprojects.readonly","https://www.googleapis.com/auth/firebase","https://www.googleapis.com/auth/cloud-platform"]
[debug] [2021-03-26T20:38:31.341Z] > authorizing via signed-in user
[debug] [2021-03-26T20:38:31.342Z] [iam] checking project hire-mike for permissions ["firebase.projects.get","firebasehosting.sites.update"]
[debug] [2021-03-26T20:38:31.346Z] > refreshing access token with scopes: ["email","https://www.googleapis.com/auth/cloud-platform","https://www.googleapis.com/auth/cloudplatformprojects.readonly","https://www.googleapis.com/auth/firebase","openid"]
[debug] [2021-03-26T20:38:31.346Z] >>> HTTP REQUEST POST https://www.googleapis.com/oauth2/v3/token  
 <request body omitted>
[debug] [2021-03-26T20:38:31.720Z] <<< HTTP RESPONSE 200 {"expires":"Mon, 01 Jan 1990 00:00:00 GMT","cache-control":"no-cache, no-store, max-age=0, must-revalidate","pragma":"no-cache","date":"Fri, 26 Mar 2021 20:38:31 GMT","content-type":"application/json; charset=utf-8","vary":"X-Origin, Referer, Origin,Accept-Encoding","server":"scaffolding on HTTPServer2","x-xss-protection":"0","x-frame-options":"SAMEORIGIN","x-content-type-options":"nosniff","alt-svc":"h3-29=\":443\"; ma=2592000,h3-T051=\":443\"; ma=2592000,h3-Q050=\":443\"; ma=2592000,h3-Q046=\":443\"; ma=2592000,h3-Q043=\":443\"; ma=2592000,quic=\":443\"; ma=2592000; v=\"46,43\"","accept-ranges":"none","transfer-encoding":"chunked"}
[debug] [2021-03-26T20:38:31.735Z] >>> HTTP REQUEST POST https://cloudresourcemanager.googleapis.com/v1/projects/hire-mike:testIamPermissions  
 {"permissions":["firebase.projects.get","firebasehosting.sites.update"]}
[debug] [2021-03-26T20:38:32.687Z] <<< HTTP RESPONSE 200 {"content-type":"application/json; charset=UTF-8","vary":"X-Origin, Referer, Origin,Accept-Encoding","date":"Fri, 26 Mar 2021 20:38:32 GMT","server":"ESF","cache-control":"private","x-xss-protection":"0","x-frame-options":"SAMEORIGIN","x-content-type-options":"nosniff","server-timing":"gfet4t7; dur=704","alt-svc":"h3-29=\":443\"; ma=2592000,h3-T051=\":443\"; ma=2592000,h3-Q050=\":443\"; ma=2592000,h3-Q046=\":443\"; ma=2592000,h3-Q043=\":443\"; ma=2592000,quic=\":443\"; ma=2592000; v=\"46,43\"","accept-ranges":"none","transfer-encoding":"chunked"}
[debug] [2021-03-26T20:38:32.692Z] > refreshing access token with scopes: []
[debug] [2021-03-26T20:38:32.693Z] >>> HTTP REQUEST POST https://www.googleapis.com/oauth2/v3/token  
 <request body omitted>
[debug] [2021-03-26T20:38:32.922Z] <<< HTTP RESPONSE 200 {"date":"Fri, 26 Mar 2021 20:38:32 GMT","cache-control":"no-cache, no-store, max-age=0, must-revalidate","expires":"Mon, 01 Jan 1990 00:00:00 GMT","pragma":"no-cache","content-type":"application/json; charset=utf-8","vary":"X-Origin, Referer, Origin,Accept-Encoding","server":"scaffolding on HTTPServer2","x-xss-protection":"0","x-frame-options":"SAMEORIGIN","x-content-type-options":"nosniff","alt-svc":"h3-29=\":443\"; ma=2592000,h3-T051=\":443\"; ma=2592000,h3-Q050=\":443\"; ma=2592000,h3-Q046=\":443\"; ma=2592000,h3-Q043=\":443\"; ma=2592000,quic=\":443\"; ma=2592000; v=\"46,43\"","accept-ranges":"none","transfer-encoding":"chunked"}
[debug] [2021-03-26T20:38:32.931Z] >>> [apiv2][query] GET https://firebase.googleapis.com/v1beta1/projects/hire-mike [none]
[debug] [2021-03-26T20:38:33.364Z] <<< [apiv2][status] GET https://firebase.googleapis.com/v1beta1/projects/hire-mike 200
[debug] [2021-03-26T20:38:33.364Z] <<< [apiv2][body] GET https://firebase.googleapis.com/v1beta1/projects/hire-mike {"projectId":"hire-mike","projectNumber":"312088735594","displayName":"hire-mike","name":"projects/hire-mike","resources":{"hostingSite":"hire-mike"},"state":"ACTIVE"}
[info] 
[info] === Deploying to 'hire-mike'...
[info] 
[info] i  deploying hosting 
[debug] [2021-03-26T20:38:33.374Z] > refreshing access token with scopes: ["email","https://www.googleapis.com/auth/cloud-platform","https://www.googleapis.com/auth/cloudplatformprojects.readonly","https://www.googleapis.com/auth/firebase","openid"]
[debug] [2021-03-26T20:38:33.374Z] >>> HTTP REQUEST POST https://www.googleapis.com/oauth2/v3/token  
 <request body omitted>
[debug] [2021-03-26T20:38:33.601Z] <<< HTTP RESPONSE 200 {"date":"Fri, 26 Mar 2021 20:38:33 GMT","cache-control":"no-cache, no-store, max-age=0, must-revalidate","pragma":"no-cache","expires":"Mon, 01 Jan 1990 00:00:00 GMT","content-type":"application/json; charset=utf-8","vary":"X-Origin, Referer, Origin,Accept-Encoding","server":"scaffolding on HTTPServer2","x-xss-protection":"0","x-frame-options":"SAMEORIGIN","x-content-type-options":"nosniff","alt-svc":"h3-29=\":443\"; ma=2592000,h3-T051=\":443\"; ma=2592000,h3-Q050=\":443\"; ma=2592000,h3-Q046=\":443\"; ma=2592000,h3-Q043=\":443\"; ma=2592000,quic=\":443\"; ma=2592000; v=\"46,43\"","accept-ranges":"none","transfer-encoding":"chunked"}
[debug] [2021-03-26T20:38:33.609Z] >>> HTTP REQUEST POST https://firebasehosting.googleapis.com/v1beta1/sites/hire-mike/versions  
 {"config":{"rewrites":[{"glob":"**","path":"/index.html"}]},"labels":{"deployment-tool":"cli-firebase"}}
[debug] [2021-03-26T20:38:35.467Z] <<< HTTP RESPONSE 200 {"content-type":"application/json; charset=UTF-8","vary":"X-Origin, Referer, Origin,Accept-Encoding","date":"Fri, 26 Mar 2021 20:38:35 GMT","server":"ESF","cache-control":"private","x-xss-protection":"0","x-frame-options":"SAMEORIGIN","x-content-type-options":"nosniff","alt-svc":"h3-29=\":443\"; ma=2592000,h3-T051=\":443\"; ma=2592000,h3-Q050=\":443\"; ma=2592000,h3-Q046=\":443\"; ma=2592000,h3-Q043=\":443\"; ma=2592000,quic=\":443\"; ma=2592000; v=\"46,43\"","accept-ranges":"none","transfer-encoding":"chunked"}
[info] i  hosting[hire-mike]: beginning deploy... 
[info] i  hosting[hire-mike]: found 564 files in dist 
